
[2025-09-10 02:43:02] [STEP] HOLY WRITINGS DEPLOYMENT
[2025-09-10 02:43:02] [INFO] Source Repository: DoltHub holywritings/bahaiwritings
[2025-09-10 02:43:02] [INFO] Target Repository: GitHub git@github.com:lapingvino/holywritings-dolt.git
[2025-09-10 02:43:02] [INFO] Work Directory: holywritings-deployment
[2025-09-10 02:43:02] [INFO] Log File: /home/joop/dolt/holywritings_deployment.log
[2025-09-10 02:43:02] [INFO] Deployment Time: Wed Sep 10 02:43:02 AM WEST 2025
[2025-09-10 02:43:02] [WARNING] This will REPLACE the current test data in the GitHub repository
[2025-09-10 02:43:02] [INFO] The GitHub repository currently contains small sample data (employees/departments)
[2025-09-10 02:43:02] [INFO] After deployment, it will contain the full Bahai writings dataset
[2025-09-10 02:43:02] [INFO] Starting Holy Writings deployment process...
[2025-09-10 02:43:02] [STEP] Checking deployment prerequisites...
[2025-09-10 02:43:05] [SUCCESS] Prerequisites check passed
[2025-09-10 02:43:05] [STEP] Cloning Bahai writings from DoltHub...
[2025-09-10 02:43:05] [INFO] Repository: holywritings/bahaiwritings
[2025-09-10 02:43:05] [INFO] This may take several minutes due to dataset size (39,450+ chunks)
[2025-09-10 02:43:05] [INFO] Starting clone operation...
cloning https://doltremoteapi.dolthub.com/holywritings/bahaiwritings
Retrieving remote information.
[1A[J0 of 39,450 chunks complete. 0 chunks being downloaded currently.
[1A[J0 of 39,450 chunks complete. 2 chunks being downloaded currently.
[1A[J0 of 39,450 chunks complete. 4 chunks being downloaded currently.
[1A[J0 of 39,450 chunks complete. 28 chunks being downloaded currently.
[1A[J2 of 39,450 chunks complete. 26 chunks being downloaded currently.
[1A[J2 of 39,450 chunks complete. 38 chunks being downloaded currently.
[1A[J4 of 39,450 chunks complete. 36 chunks being downloaded currently.
[1A[J4 of 39,450 chunks complete. 40 chunks being downloaded currently.
[1A[J8 of 39,450 chunks complete. 36 chunks being downloaded currently.
[1A[J8 of 39,450 chunks complete. 65 chunks being downloaded currently.
[1A[J20 of 39,450 chunks complete. 53 chunks being downloaded currently.
[1A[J20 of 39,450 chunks complete. 58 chunks being downloaded currently.
[1A[J44 of 39,450 chunks complete. 34 chunks being downloaded currently.
[1A[J44 of 39,450 chunks complete. 44 chunks being downloaded currently.
[1A[J73 of 39,450 chunks complete. 15 chunks being downloaded currently.
[1A[J73 of 39,450 chunks complete. 24 chunks being downloaded currently.
[1A[J83 of 39,450 chunks complete. 14 chunks being downloaded currently.
[1A[J83 of 39,450 chunks complete. 46 chunks being downloaded currently.
[1A[J92 of 39,450 chunks complete. 37 chunks being downloaded currently.
[1A[J92 of 39,450 chunks complete. 44 chunks being downloaded currently.
[1A[J97 of 39,450 chunks complete. 39 chunks being downloaded currently.
[1A[J97 of 39,450 chunks complete. 47 chunks being downloaded currently.
[1A[J129 of 39,450 chunks complete. 15 chunks being downloaded currently.
[1A[J129 of 39,450 chunks complete. 17 chunks being downloaded currently.
[1A[J136 of 39,450 chunks complete. 10 chunks being downloaded currently.
[1A[J136 of 39,450 chunks complete. 12 chunks being downloaded currently.
[1A[J144 of 39,450 chunks complete. 4 chunks being downloaded currently.
[1A[J144 of 39,450 chunks complete. 677 chunks being downloaded currently.
[1A[J146 of 39,450 chunks complete. 675 chunks being downloaded currently.
[1A[J146 of 39,450 chunks complete. 679 chunks being downloaded currently.
[1A[J148 of 39,450 chunks complete. 677 chunks being downloaded currently.
[1A[J148 of 39,450 chunks complete. 682 chunks being downloaded currently.
[1A[J152 of 39,450 chunks complete. 678 chunks being downloaded currently.
[1A[J152 of 39,450 chunks complete. 680 chunks being downloaded currently.
[1A[J157 of 39,450 chunks complete. 675 chunks being downloaded currently.
[1A[J157 of 39,450 chunks complete. 677 chunks being downloaded currently.
[1A[J159 of 39,450 chunks complete. 675 chunks being downloaded currently.
[1A[J159 of 39,450 chunks complete. 677 chunks being downloaded currently.
[1A[J161 of 39,450 chunks complete. 675 chunks being downloaded currently.
[1A[J161 of 39,450 chunks complete. 691 chunks being downloaded currently.
[1A[J163 of 39,450 chunks complete. 689 chunks being downloaded currently.
[1A[J163 of 39,450 chunks complete. 691 chunks being downloaded currently.
[1A[J163 of 39,450 chunks complete. 691 chunks being downloaded currently.
Downloading file: 2od9bs6panf87asslg0309i9n9f5n4n4 (673 chunks) - 36.59% downloaded, 697 kB/s
[2A[J179 of 39,450 chunks complete. 675 chunks being downloaded currently.
Downloading file: 2od9bs6panf87asslg0309i9n9f5n4n4 (673 chunks) - 36.59% downloaded, 697 kB/s
[2A[J179 of 39,450 chunks complete. 677 chunks being downloaded currently.
Downloading file: 2od9bs6panf87asslg0309i9n9f5n4n4 (673 chunks) - 36.59% downloaded, 697 kB/s
[2A[J181 of 39,450 chunks complete. 675 chunks being downloaded currently.
Downloading file: 2od9bs6panf87asslg0309i9n9f5n4n4 (673 chunks) - 36.59% downloaded, 697 kB/s
[2A[J181 of 39,450 chunks complete. 680 chunks being downloaded currently.
Downloading file: 2od9bs6panf87asslg0309i9n9f5n4n4 (673 chunks) - 36.59% downloaded, 697 kB/s
[2A[J183 of 39,450 chunks complete. 678 chunks being downloaded currently.
Downloading file: 2od9bs6panf87asslg0309i9n9f5n4n4 (673 chunks) - 36.59% downloaded, 697 kB/s
[2A[J183 of 39,450 chunks complete. 697 chunks being downloaded currently.
Downloading file: 2od9bs6panf87asslg0309i9n9f5n4n4 (673 chunks) - 36.59% downloaded, 697 kB/s
[2A[J188 of 39,450 chunks complete. 692 chunks being downloaded currently.
Downloading file: 2od9bs6panf87asslg0309i9n9f5n4n4 (673 chunks) - 36.59% downloaded, 697 kB/s
[2A[J188 of 39,450 chunks complete. 719 chunks being downloaded currently.
Downloading file: 2od9bs6panf87asslg0309i9n9f5n4n4 (673 chunks) - 36.59% downloaded, 697 kB/s
[2A[J861 of 39,450 chunks complete. 46 chunks being downloaded currently.
[1A[J861 of 39,450 chunks complete. 49 chunks being downloaded currently.
[1A[J880 of 39,450 chunks complete. 30 chunks being downloaded currently.
[1A[J880 of 39,450 chunks complete. 37 chunks being downloaded currently.
[1A[J883 of 39,450 chunks complete. 34 chunks being downloaded currently.
[1A[J883 of 39,450 chunks complete. 36 chunks being downloaded currently.
[1A[J890 of 39,450 chunks complete. 29 chunks being downloaded currently.
[1A[J890 of 39,450 chunks complete. 691 chunks being downloaded currently.
[1A[J892 of 39,450 chunks complete. 689 chunks being downloaded currently.
[1A[J892 of 39,450 chunks complete. 691 chunks being downloaded currently.
[1A[J919 of 39,450 chunks complete. 664 chunks being downloaded currently.
[1A[J919 of 39,450 chunks complete. 666 chunks being downloaded currently.
[1A[J921 of 39,450 chunks complete. 664 chunks being downloaded currently.
[1A[J921 of 39,450 chunks complete. 668 chunks being downloaded currently.
[1A[J923 of 39,450 chunks complete. 666 chunks being downloaded currently.
[1A[J923 of 39,450 chunks complete. 668 chunks being downloaded currently.
[1A[J927 of 39,450 chunks complete. 664 chunks being downloaded currently.
[1A[J927 of 39,450 chunks complete. 1,111 chunks being downloaded currently.
[1A[J929 of 39,450 chunks complete. 1,109 chunks being downloaded currently.
[1A[J929 of 39,450 chunks complete. 1,111 chunks being downloaded currently.
[1A[J929 of 39,450 chunks complete. 1,111 chunks being downloaded currently.
Downloading file: 6419gbkscrr43nggn83js3v4ugjs7vhh (662 chunks) - 44.17% downloaded, 802 kB/s
[2A[J931 of 39,450 chunks complete. 1,109 chunks being downloaded currently.
Downloading file: 6419gbkscrr43nggn83js3v4ugjs7vhh (662 chunks) - 44.17% downloaded, 802 kB/s
[2A[J931 of 39,450 chunks complete. 1,114 chunks being downloaded currently.
Downloading file: 6419gbkscrr43nggn83js3v4ugjs7vhh (662 chunks) - 44.17% downloaded, 802 kB/s
[2A[J931 of 39,450 chunks complete. 1,114 chunks being downloaded currently.
Downloading file: 6419gbkscrr43nggn83js3v4ugjs7vhh (662 chunks) - 46.08% downloaded, 418 kB/s
[2A[J931 of 39,450 chunks complete. 1,114 chunks being downloaded currently.
Downloading file: 6419gbkscrr43nggn83js3v4ugjs7vhh (662 chunks) - 46.08% downloaded, 418 kB/s
Downloading file: 7ufs60so1goukbaqtv5pfshfj6887lmq (447 chunks) - 77.92% downloaded, 1.8 MB/s
[3A[J1,593 of 39,450 chunks complete. 452 chunks being downloaded currently.
Downloading file: 7ufs60so1goukbaqtv5pfshfj6887lmq (447 chunks) - 77.92% downloaded, 1.8 MB/s
[2A[J1,593 of 39,450 chunks complete. 454 chunks being downloaded currently.
Downloading file: 7ufs60so1goukbaqtv5pfshfj6887lmq (447 chunks) - 77.92% downloaded, 1.8 MB/s
[2A[J1,598 of 39,450 chunks complete. 449 chunks being downloaded currently.
Downloading file: 7ufs60so1goukbaqtv5pfshfj6887lmq (447 chunks) - 77.92% downloaded, 1.8 MB/s
[2A[J1,598 of 39,450 chunks complete. 516 chunks being downloaded currently.
Downloading file: 7ufs60so1goukbaqtv5pfshfj6887lmq (447 chunks) - 77.92% downloaded, 1.8 MB/s
[2A[J2,045 of 39,450 chunks complete. 69 chunks being downloaded currently.
[1A[J2,045 of 39,450 chunks complete. 76 chunks being downloaded currently.
[1A[J2,047 of 39,450 chunks complete. 74 chunks being downloaded currently.
[1A[J2,047 of 39,450 chunks complete. 240 chunks being downloaded currently.
[1A[J2,054 of 39,450 chunks complete. 233 chunks being downloaded currently.
[1A[J2,054 of 39,450 chunks complete. 235 chunks being downloaded currently.
[1A[J2,121 of 39,450 chunks complete. 168 chunks being downloaded currently.
[1A[J2,121 of 39,450 chunks complete. 175 chunks being downloaded currently.
[1A[J2,123 of 39,450 chunks complete. 173 chunks being downloaded currently.
[1A[J2,123 of 39,450 chunks complete. 178 chunks being downloaded currently.
[1A[J2,130 of 39,450 chunks complete. 171 chunks being downloaded currently.
[1A[J2,130 of 39,450 chunks complete. 173 chunks being downloaded currently.
[1A[J2,135 of 39,450 chunks complete. 168 chunks being downloaded currently.
[1A[J2,135 of 39,450 chunks complete. 184 chunks being downloaded currently.
[1A[J2,301 of 39,450 chunks complete. 18 chunks being downloaded currently.
[1A[J2,301 of 39,450 chunks complete. 22 chunks being downloaded currently.
[1A[J2,317 of 39,450 chunks complete. 6 chunks being downloaded currently.
[1A[J2,317 of 39,450 chunks complete. 8 chunks being downloaded currently.
[1A[J2,319 of 39,450 chunks complete. 6 chunks being downloaded currently.
[1A[J2,319 of 39,450 chunks complete. 8 chunks being downloaded currently.
[1A[J2,323 of 39,450 chunks complete. 4 chunks being downloaded currently.
[1A[J2,323 of 39,450 chunks complete. 13 chunks being downloaded currently.
[1A[J2,325 of 39,450 chunks complete. 11 chunks being downloaded currently.
[1A[J2,325 of 39,450 chunks complete. 16 chunks being downloaded currently.
[1A[J2,327 of 39,450 chunks complete. 14 chunks being downloaded currently.
[1A[J2,327 of 39,450 chunks complete. 17 chunks being downloaded currently.
[1A[J2,336 of 39,450 chunks complete. 8 chunks being downloaded currently.
[1A[J2,336 of 39,450 chunks complete. 1,477 chunks being downloaded currently.
[1A[J2,339 of 39,450 chunks complete. 1,474 chunks being downloaded currently.
[1A[J2,339 of 39,450 chunks complete. 1,479 chunks being downloaded currently.
[1A[J2,344 of 39,450 chunks complete. 1,474 chunks being downloaded currently.
[1A[J2,344 of 39,450 chunks complete. 1,479 chunks being downloaded currently.
[1A[J2,349 of 39,450 chunks complete. 1,474 chunks being downloaded currently.
[1A[J2,349 of 39,450 chunks complete. 1,490 chunks being downloaded currently.
[1A[J2,354 of 39,450 chunks complete. 1,485 chunks being downloaded currently.
[1A[J2,354 of 39,450 chunks complete. 1,487 chunks being downloaded currently.
[1A[J2,354 of 39,450 chunks complete. 1,487 chunks being downloaded currently.
Downloading file: b2nnp9uhmlelghe5gigobdk7h5tejjbi (1,469 chunks) - 19.55% downloaded, 855 kB/s
[2A[J2,356 of 39,450 chunks complete. 1,485 chunks being downloaded currently.
Downloading file: b2nnp9uhmlelghe5gigobdk7h5tejjbi (1,469 chunks) - 19.55% downloaded, 855 kB/s
[2A[J2,356 of 39,450 chunks complete. 1,486 chunks being downloaded currently.
Downloading file: b2nnp9uhmlelghe5gigobdk7h5tejjbi (1,469 chunks) - 19.55% downloaded, 855 kB/s
[2A[J2,372 of 39,450 chunks complete. 1,470 chunks being downloaded currently.
Downloading file: b2nnp9uhmlelghe5gigobdk7h5tejjbi (1,469 chunks) - 19.55% downloaded, 855 kB/s
[2A[J2,372 of 39,450 chunks complete. 1,478 chunks being downloaded currently.
Downloading file: b2nnp9uhmlelghe5gigobdk7h5tejjbi (1,469 chunks) - 19.55% downloaded, 855 kB/s
[2A[J2,373 of 39,450 chunks complete. 1,477 chunks being downloaded currently.
Downloading file: b2nnp9uhmlelghe5gigobdk7h5tejjbi (1,469 chunks) - 19.55% downloaded, 855 kB/s
[2A[J2,373 of 39,450 chunks complete. 1,484 chunks being downloaded currently.
Downloading file: b2nnp9uhmlelghe5gigobdk7h5tejjbi (1,469 chunks) - 19.55% downloaded, 855 kB/s
[2A[J2,381 of 39,450 chunks complete. 1,476 chunks being downloaded currently.
Downloading file: b2nnp9uhmlelghe5gigobdk7h5tejjbi (1,469 chunks) - 19.55% downloaded, 855 kB/s
[2A[J2,381 of 39,450 chunks complete. 1,486 chunks being downloaded currently.
Downloading file: b2nnp9uhmlelghe5gigobdk7h5tejjbi (1,469 chunks) - 19.55% downloaded, 855 kB/s
[2A[J2,381 of 39,450 chunks complete. 1,486 chunks being downloaded currently.
Downloading file: b2nnp9uhmlelghe5gigobdk7h5tejjbi (1,469 chunks) - 55.70% downloaded, 1.2 MB/s
[2A[J2,388 of 39,450 chunks complete. 1,479 chunks being downloaded currently.
Downloading file: b2nnp9uhmlelghe5gigobdk7h5tejjbi (1,469 chunks) - 55.70% downloaded, 1.2 MB/s
[2A[J2,388 of 39,450 chunks complete. 1,481 chunks being downloaded currently.
Downloading file: b2nnp9uhmlelghe5gigobdk7h5tejjbi (1,469 chunks) - 55.70% downloaded, 1.2 MB/s
[2A[J2,398 of 39,450 chunks complete. 1,471 chunks being downloaded currently.
Downloading file: b2nnp9uhmlelghe5gigobdk7h5tejjbi (1,469 chunks) - 55.70% downloaded, 1.2 MB/s
[2A[J2,398 of 39,450 chunks complete. 1,472 chunks being downloaded currently.
Downloading file: b2nnp9uhmlelghe5gigobdk7h5tejjbi (1,469 chunks) - 55.70% downloaded, 1.2 MB/s
[2A[J2,398 of 39,450 chunks complete. 1,472 chunks being downloaded currently.
Downloading file: b2nnp9uhmlelghe5gigobdk7h5tejjbi (1,469 chunks) - 74.78% downloaded, 1.1 MB/s
[2A[J2,399 of 39,450 chunks complete. 1,471 chunks being downloaded currently.
Downloading file: b2nnp9uhmlelghe5gigobdk7h5tejjbi (1,469 chunks) - 74.78% downloaded, 1.1 MB/s
[2A[J2,399 of 39,450 chunks complete. 1,479 chunks being downloaded currently.
Downloading file: b2nnp9uhmlelghe5gigobdk7h5tejjbi (1,469 chunks) - 74.78% downloaded, 1.1 MB/s
[2A[J2,401 of 39,450 chunks complete. 1,477 chunks being downloaded currently.
Downloading file: b2nnp9uhmlelghe5gigobdk7h5tejjbi (1,469 chunks) - 74.78% downloaded, 1.1 MB/s
[2A[J2,401 of 39,450 chunks complete. 1,485 chunks being downloaded currently.
Downloading file: b2nnp9uhmlelghe5gigobdk7h5tejjbi (1,469 chunks) - 74.78% downloaded, 1.1 MB/s
[2A[J2,409 of 39,450 chunks complete. 1,477 chunks being downloaded currently.
Downloading file: b2nnp9uhmlelghe5gigobdk7h5tejjbi (1,469 chunks) - 74.78% downloaded, 1.1 MB/s
[2A[J2,409 of 39,450 chunks complete. 1,479 chunks being downloaded currently.
Downloading file: b2nnp9uhmlelghe5gigobdk7h5tejjbi (1,469 chunks) - 74.78% downloaded, 1.1 MB/s
[2A[J2,417 of 39,450 chunks complete. 1,471 chunks being downloaded currently.
Downloading file: b2nnp9uhmlelghe5gigobdk7h5tejjbi (1,469 chunks) - 74.78% downloaded, 1.1 MB/s
[2A[J2,417 of 39,450 chunks complete. 1,476 chunks being downloaded currently.
Downloading file: b2nnp9uhmlelghe5gigobdk7h5tejjbi (1,469 chunks) - 74.78% downloaded, 1.1 MB/s
[2A[J3,886 of 39,450 chunks complete. 7 chunks being downloaded currently.
[1A[J3,886 of 39,450 chunks complete. 12,815 chunks being downloaded currently.
[1A[J3,891 of 39,450 chunks complete. 12,810 chunks being downloaded currently.
[1A[J3,891 of 39,450 chunks complete. 12,839 chunks being downloaded currently.
[1A[J3,893 of 39,450 chunks complete. 12,837 chunks being downloaded currently.
[1A[J3,893 of 39,450 chunks complete. 12,845 chunks being downloaded currently.
[1A[J3,922 of 39,450 chunks complete. 12,816 chunks being downloaded currently.
[1A[J3,922 of 39,450 chunks complete. 13,154 chunks being downloaded currently.
[1A[J3,930 of 39,450 chunks complete. 13,146 chunks being downloaded currently.
[1A[J3,930 of 39,450 chunks complete. 13,148 chunks being downloaded currently.
[1A[J3,932 of 39,450 chunks complete. 13,146 chunks being downloaded currently.
[1A[J3,932 of 39,450 chunks complete. 13,150 chunks being downloaded currently.
[1A[J3,932 of 39,450 chunks complete. 13,150 chunks being downloaded currently.
Downloading file: ef2d9uapk5ck7h8o1s597l4u8jg3m109 (12,808 chunks) - 5.63% downloaded, 1.3 MB/s
[2A[J4,270 of 39,450 chunks complete. 12,812 chunks being downloaded currently.
Downloading file: ef2d9uapk5ck7h8o1s597l4u8jg3m109 (12,808 chunks) - 5.63% downloaded, 1.3 MB/s
[2A[J4,270 of 39,450 chunks complete. 12,817 chunks being downloaded currently.
Downloading file: ef2d9uapk5ck7h8o1s597l4u8jg3m109 (12,808 chunks) - 5.63% downloaded, 1.3 MB/s
[2A[J4,274 of 39,450 chunks complete. 12,813 chunks being downloaded currently.
Downloading file: ef2d9uapk5ck7h8o1s597l4u8jg3m109 (12,808 chunks) - 5.63% downloaded, 1.3 MB/s
[2A[J4,274 of 39,450 chunks complete. 12,819 chunks being downloaded currently.
Downloading file: ef2d9uapk5ck7h8o1s597l4u8jg3m109 (12,808 chunks) - 5.63% downloaded, 1.3 MB/s
[2A[J4,274 of 39,450 chunks complete. 12,819 chunks being downloaded currently.
Downloading file: ef2d9uapk5ck7h8o1s597l4u8jg3m109 (12,808 chunks) - 8.86% downloaded, 988 kB/s
[2A[J4,279 of 39,450 chunks complete. 12,814 chunks being downloaded currently.
Downloading file: ef2d9uapk5ck7h8o1s597l4u8jg3m109 (12,808 chunks) - 8.86% downloaded, 988 kB/s
[2A[J4,279 of 39,450 chunks complete. 12,816 chunks being downloaded currently.
Downloading file: ef2d9uapk5ck7h8o1s597l4u8jg3m109 (12,808 chunks) - 8.86% downloaded, 988 kB/s
[2A[J4,285 of 39,450 chunks complete. 12,810 chunks being downloaded currently.
Downloading file: ef2d9uapk5ck7h8o1s597l4u8jg3m109 (12,808 chunks) - 8.86% downloaded, 988 kB/s
[2A[J4,285 of 39,450 chunks complete. 13,746 chunks being downloaded currently.
Downloading file: ef2d9uapk5ck7h8o1s597l4u8jg3m109 (12,808 chunks) - 8.86% downloaded, 988 kB/s
[2A[J4,287 of 39,450 chunks complete. 13,744 chunks being downloaded currently.
Downloading file: ef2d9uapk5ck7h8o1s597l4u8jg3m109 (12,808 chunks) - 8.86% downloaded, 988 kB/s
[2A[J4,287 of 39,450 chunks complete. 13,749 chunks being downloaded currently.
Downloading file: ef2d9uapk5ck7h8o1s597l4u8jg3m109 (12,808 chunks) - 8.86% downloaded, 988 kB/s
[2A[J4,287 of 39,450 chunks complete. 13,749 chunks being downloaded currently.
Downloading file: ef2d9uapk5ck7h8o1s597l4u8jg3m109 (12,808 chunks) - 11.77% downloaded, 874 kB/s
[2A[J4,292 of 39,450 chunks complete. 13,744 chunks being downloaded currently.
Downloading file: ef2d9uapk5ck7h8o1s597l4u8jg3m109 (12,808 chunks) - 11.77% downloaded, 874 kB/s
[2A[J4,292 of 39,450 chunks complete. 13,746 chunks being downloaded currently.
Downloading file: ef2d9uapk5ck7h8o1s597l4u8jg3m109 (12,808 chunks) - 11.77% downloaded, 874 kB/s
[2A[J4,294 of 39,450 chunks complete. 13,744 chunks being downloaded currently.
Downloading file: ef2d9uapk5ck7h8o1s597l4u8jg3m109 (12,808 chunks) - 11.77% downloaded, 874 kB/s
[2A[J4,294 of 39,450 chunks complete. 13,746 chunks being downloaded currently.
Downloading file: ef2d9uapk5ck7h8o1s597l4u8jg3m109 (12,808 chunks) - 11.77% downloaded, 874 kB/s
[2A[J4,294 of 39,450 chunks complete. 13,746 chunks being downloaded currently.
Downloading file: ef2d9uapk5ck7h8o1s597l4u8jg3m109 (12,808 chunks) - 18.48% downloaded, 1.0 MB/s
[2A[J4,294 of 39,450 chunks complete. 13,746 chunks being downloaded currently.
Downloading file: ef2d9uapk5ck7h8o1s597l4u8jg3m109 (12,808 chunks) - 18.48% downloaded, 1.0 MB/s
Downloading file: fh947ueqe694l68f3mja4qpb846bke3v (936 chunks) - 15.83% downloaded, 789 kB/s
[3A[J4,296 of 39,450 chunks complete. 13,744 chunks being downloaded currently.
Downloading file: ef2d9uapk5ck7h8o1s597l4u8jg3m109 (12,808 chunks) - 18.48% downloaded, 1.0 MB/s
Downloading file: fh947ueqe694l68f3mja4qpb846bke3v (936 chunks) - 15.83% downloaded, 789 kB/s
[3A[J4,296 of 39,450 chunks complete. 13,747 chunks being downloaded currently.
Downloading file: ef2d9uapk5ck7h8o1s597l4u8jg3m109 (12,808 chunks) - 18.48% downloaded, 1.0 MB/s
Downloading file: fh947ueqe694l68f3mja4qpb846bke3v (936 chunks) - 15.83% downloaded, 789 kB/s
[3A[J4,299 of 39,450 chunks complete. 13,744 chunks being downloaded currently.
Downloading file: ef2d9uapk5ck7h8o1s597l4u8jg3m109 (12,808 chunks) - 18.48% downloaded, 1.0 MB/s
Downloading file: fh947ueqe694l68f3mja4qpb846bke3v (936 chunks) - 15.83% downloaded, 789 kB/s
[3A[J4,299 of 39,450 chunks complete. 13,752 chunks being downloaded currently.
Downloading file: ef2d9uapk5ck7h8o1s597l4u8jg3m109 (12,808 chunks) - 18.48% downloaded, 1.0 MB/s
Downloading file: fh947ueqe694l68f3mja4qpb846bke3v (936 chunks) - 15.83% downloaded, 789 kB/s
[3A[J4,299 of 39,450 chunks complete. 13,752 chunks being downloaded currently.
Downloading file: ef2d9uapk5ck7h8o1s597l4u8jg3m109 (12,808 chunks) - 22.69% downloaded, 1.0 MB/s
Downloading file: fh947ueqe694l68f3mja4qpb846bke3v (936 chunks) - 15.83% downloaded, 789 kB/s
[3A[J4,299 of 39,450 chunks complete. 13,752 chunks being downloaded currently.
Downloading file: ef2d9uapk5ck7h8o1s597l4u8jg3m109 (12,808 chunks) - 22.69% downloaded, 1.0 MB/s
Downloading file: fh947ueqe694l68f3mja4qpb846bke3v (936 chunks) - 38.85% downloaded, 968 kB/s
[3A[J4,307 of 39,450 chunks complete. 13,744 chunks being downloaded currently.
Downloading file: ef2d9uapk5ck7h8o1s597l4u8jg3m109 (12,808 chunks) - 22.69% downloaded, 1.0 MB/s
Downloading file: fh947ueqe694l68f3mja4qpb846bke3v (936 chunks) - 38.85% downloaded, 968 kB/s
[3A[J4,307 of 39,450 chunks complete. 14,087 chunks being downloaded currently.
Downloading file: ef2d9uapk5ck7h8o1s597l4u8jg3m109 (12,808 chunks) - 22.69% downloaded, 1.0 MB/s
Downloading file: fh947ueqe694l68f3mja4qpb846bke3v (936 chunks) - 38.85% downloaded, 968 kB/s
[3A[J4,307 of 39,450 chunks complete. 14,087 chunks being downloaded currently.
Downloading file: ef2d9uapk5ck7h8o1s597l4u8jg3m109 (12,808 chunks) - 27.37% downloaded, 1.0 MB/s
Downloading file: fh947ueqe694l68f3mja4qpb846bke3v (936 chunks) - 38.85% downloaded, 968 kB/s
[3A[J4,307 of 39,450 chunks complete. 14,087 chunks being downloaded currently.
Downloading file: ef2d9uapk5ck7h8o1s597l4u8jg3m109 (12,808 chunks) - 27.37% downloaded, 1.0 MB/s
Downloading file: fh947ueqe694l68f3mja4qpb846bke3v (936 chunks) - 56.29% downloaded, 935 kB/s
[3A[J4,650 of 39,450 chunks complete. 13,744 chunks being downloaded currently.
Downloading file: ef2d9uapk5ck7h8o1s597l4u8jg3m109 (12,808 chunks) - 27.37% downloaded, 1.0 MB/s
Downloading file: fh947ueqe694l68f3mja4qpb846bke3v (936 chunks) - 56.29% downloaded, 935 kB/s
[3A[J4,650 of 39,450 chunks complete. 13,759 chunks being downloaded currently.
Downloading file: ef2d9uapk5ck7h8o1s597l4u8jg3m109 (12,808 chunks) - 27.37% downloaded, 1.0 MB/s
Downloading file: fh947ueqe694l68f3mja4qpb846bke3v (936 chunks) - 56.29% downloaded, 935 kB/s
[3A[J4,650 of 39,450 chunks complete. 13,759 chunks being downloaded currently.
Downloading file: ef2d9uapk5ck7h8o1s597l4u8jg3m109 (12,808 chunks) - 30.49% downloaded, 971 kB/s
Downloading file: fh947ueqe694l68f3mja4qpb846bke3v (936 chunks) - 56.29% downloaded, 935 kB/s
[3A[J4,665 of 39,450 chunks complete. 13,744 chunks being downloaded currently.
Downloading file: ef2d9uapk5ck7h8o1s597l4u8jg3m109 (12,808 chunks) - 30.49% downloaded, 971 kB/s
Downloading file: fh947ueqe694l68f3mja4qpb846bke3v (936 chunks) - 56.29% downloaded, 935 kB/s
[3A[J4,665 of 39,450 chunks complete. 14,038 chunks being downloaded currently.
Downloading file: ef2d9uapk5ck7h8o1s597l4u8jg3m109 (12,808 chunks) - 30.49% downloaded, 971 kB/s
Downloading file: fh947ueqe694l68f3mja4qpb846bke3v (936 chunks) - 56.29% downloaded, 935 kB/s
[3A[J4,665 of 39,450 chunks complete. 14,038 chunks being downloaded currently.
Downloading file: ef2d9uapk5ck7h8o1s597l4u8jg3m109 (12,808 chunks) - 30.49% downloaded, 971 kB/s
Downloading file: fh947ueqe694l68f3mja4qpb846bke3v (936 chunks) - 82.10% downloaded, 1.0 MB/s
[3A[J4,959 of 39,450 chunks complete. 13,744 chunks being downloaded currently.
Downloading file: ef2d9uapk5ck7h8o1s597l4u8jg3m109 (12,808 chunks) - 30.49% downloaded, 971 kB/s
Downloading file: fh947ueqe694l68f3mja4qpb846bke3v (936 chunks) - 82.10% downloaded, 1.0 MB/s
[3A[J4,959 of 39,450 chunks complete. 13,765 chunks being downloaded currently.
Downloading file: ef2d9uapk5ck7h8o1s597l4u8jg3m109 (12,808 chunks) - 30.49% downloaded, 971 kB/s
Downloading file: fh947ueqe694l68f3mja4qpb846bke3v (936 chunks) - 82.10% downloaded, 1.0 MB/s
[3A[J4,959 of 39,450 chunks complete. 13,765 chunks being downloaded currently.
Downloading file: ef2d9uapk5ck7h8o1s597l4u8jg3m109 (12,808 chunks) - 34.08% downloaded, 950 kB/s
Downloading file: fh947ueqe694l68f3mja4qpb846bke3v (936 chunks) - 82.10% downloaded, 1.0 MB/s
[3A[J4,959 of 39,450 chunks complete. 13,765 chunks being downloaded currently.
Downloading file: ef2d9uapk5ck7h8o1s597l4u8jg3m109 (12,808 chunks) - 34.08% downloaded, 950 kB/s
Downloading file: fh947ueqe694l68f3mja4qpb846bke3v (936 chunks) - 98.84% downloaded, 985 kB/s
[3A[J5,895 of 39,450 chunks complete. 12,829 chunks being downloaded currently.
Downloading file: ef2d9uapk5ck7h8o1s597l4u8jg3m109 (12,808 chunks) - 34.08% downloaded, 950 kB/s
[2A[J5,895 of 39,450 chunks complete. 12,834 chunks being downloaded currently.
Downloading file: ef2d9uapk5ck7h8o1s597l4u8jg3m109 (12,808 chunks) - 34.08% downloaded, 950 kB/s
[2A[J5,916 of 39,450 chunks complete. 12,813 chunks being downloaded currently.
Downloading file: ef2d9uapk5ck7h8o1s597l4u8jg3m109 (12,808 chunks) - 34.08% downloaded, 950 kB/s
[2A[J5,916 of 39,450 chunks complete. 12,815 chunks being downloaded currently.
Downloading file: ef2d9uapk5ck7h8o1s597l4u8jg3m109 (12,808 chunks) - 34.08% downloaded, 950 kB/s
[2A[J5,921 of 39,450 chunks complete. 12,810 chunks being downloaded currently.
Downloading file: ef2d9uapk5ck7h8o1s597l4u8jg3m109 (12,808 chunks) - 34.08% downloaded, 950 kB/s
[2A[J5,921 of 39,450 chunks complete. 12,830 chunks being downloaded currently.
Downloading file: ef2d9uapk5ck7h8o1s597l4u8jg3m109 (12,808 chunks) - 34.08% downloaded, 950 kB/s
[2A[J5,923 of 39,450 chunks complete. 12,828 chunks being downloaded currently.
Downloading file: ef2d9uapk5ck7h8o1s597l4u8jg3m109 (12,808 chunks) - 34.08% downloaded, 950 kB/s
[2A[J5,923 of 39,450 chunks complete. 12,829 chunks being downloaded currently.
Downloading file: ef2d9uapk5ck7h8o1s597l4u8jg3m109 (12,808 chunks) - 34.08% downloaded, 950 kB/s
[2A[J5,923 of 39,450 chunks complete. 12,829 chunks being downloaded currently.
Downloading file: ef2d9uapk5ck7h8o1s597l4u8jg3m109 (12,808 chunks) - 39.23% downloaded, 972 kB/s
[2A[J5,943 of 39,450 chunks complete. 12,809 chunks being downloaded currently.
Downloading file: ef2d9uapk5ck7h8o1s597l4u8jg3m109 (12,808 chunks) - 39.23% downloaded, 972 kB/s
[2A[J5,943 of 39,450 chunks complete. 13,477 chunks being downloaded currently.
Downloading file: ef2d9uapk5ck7h8o1s597l4u8jg3m109 (12,808 chunks) - 39.23% downloaded, 972 kB/s
[2A[J5,944 of 39,450 chunks complete. 13,476 chunks being downloaded currently.
Downloading file: ef2d9uapk5ck7h8o1s597l4u8jg3m109 (12,808 chunks) - 39.23% downloaded, 972 kB/s
[2A[J5,944 of 39,450 chunks complete. 13,480 chunks being downloaded currently.
Downloading file: ef2d9uapk5ck7h8o1s597l4u8jg3m109 (12,808 chunks) - 39.23% downloaded, 972 kB/s
[2A[J5,948 of 39,450 chunks complete. 13,476 chunks being downloaded currently.
Downloading file: ef2d9uapk5ck7h8o1s597l4u8jg3m109 (12,808 chunks) - 39.23% downloaded, 972 kB/s
[2A[J5,948 of 39,450 chunks complete. 13,494 chunks being downloaded currently.
Downloading file: ef2d9uapk5ck7h8o1s597l4u8jg3m109 (12,808 chunks) - 39.23% downloaded, 972 kB/s
[2A[J5,948 of 39,450 chunks complete. 13,494 chunks being downloaded currently.
Downloading file: ef2d9uapk5ck7h8o1s597l4u8jg3m109 (12,808 chunks) - 42.82% downloaded, 954 kB/s
[2A[J5,966 of 39,450 chunks complete. 13,476 chunks being downloaded currently.
Downloading file: ef2d9uapk5ck7h8o1s597l4u8jg3m109 (12,808 chunks) - 42.82% downloaded, 954 kB/s
[2A[J5,966 of 39,450 chunks complete. 13,510 chunks being downloaded currently.
Downloading file: ef2d9uapk5ck7h8o1s597l4u8jg3m109 (12,808 chunks) - 42.82% downloaded, 954 kB/s
[2A[J5,966 of 39,450 chunks complete. 13,510 chunks being downloaded currently.
Downloading file: ef2d9uapk5ck7h8o1s597l4u8jg3m109 (12,808 chunks) - 42.82% downloaded, 954 kB/s
Downloading file: hn3sqib67untb92hml8n1hif5dl3kgrr (668 chunks) - 77.45% downloaded, 1.4 MB/s
[3A[J5,966 of 39,450 chunks complete. 13,510 chunks being downloaded currently.
Downloading file: ef2d9uapk5ck7h8o1s597l4u8jg3m109 (12,808 chunks) - 46.72% downloaded, 947 kB/s
Downloading file: hn3sqib67untb92hml8n1hif5dl3kgrr (668 chunks) - 77.45% downloaded, 1.4 MB/s
[3A[J6,634 of 39,450 chunks complete. 12,842 chunks being downloaded currently.
Downloading file: ef2d9uapk5ck7h8o1s597l4u8jg3m109 (12,808 chunks) - 46.72% downloaded, 947 kB/s
[2A[J6,634 of 39,450 chunks complete. 12,844 chunks being downloaded currently.
Downloading file: ef2d9uapk5ck7h8o1s597l4u8jg3m109 (12,808 chunks) - 46.72% downloaded, 947 kB/s
[2A[J6,668 of 39,450 chunks complete. 12,810 chunks being downloaded currently.
Downloading file: ef2d9uapk5ck7h8o1s597l4u8jg3m109 (12,808 chunks) - 46.72% downloaded, 947 kB/s
[2A[J6,668 of 39,450 chunks complete. 13,458 chunks being downloaded currently.
Downloading file: ef2d9uapk5ck7h8o1s597l4u8jg3m109 (12,808 chunks) - 46.72% downloaded, 947 kB/s
[2A[J6,668 of 39,450 chunks complete. 13,458 chunks being downloaded currently.
Downloading file: ef2d9uapk5ck7h8o1s597l4u8jg3m109 (12,808 chunks) - 49.37% downloaded, 917 kB/s
[2A[J6,670 of 39,450 chunks complete. 13,456 chunks being downloaded currently.
Downloading file: ef2d9uapk5ck7h8o1s597l4u8jg3m109 (12,808 chunks) - 49.37% downloaded, 917 kB/s
[2A[J6,670 of 39,450 chunks complete. 13,458 chunks being downloaded currently.
Downloading file: ef2d9uapk5ck7h8o1s597l4u8jg3m109 (12,808 chunks) - 49.37% downloaded, 917 kB/s
[2A[J7,318 of 39,450 chunks complete. 12,810 chunks being downloaded currently.
Downloading file: ef2d9uapk5ck7h8o1s597l4u8jg3m109 (12,808 chunks) - 49.37% downloaded, 917 kB/s
[2A[J7,318 of 39,450 chunks complete. 12,914 chunks being downloaded currently.
Downloading file: ef2d9uapk5ck7h8o1s597l4u8jg3m109 (12,808 chunks) - 49.37% downloaded, 917 kB/s
[2A[J7,320 of 39,450 chunks complete. 12,912 chunks being downloaded currently.
Downloading file: ef2d9uapk5ck7h8o1s597l4u8jg3m109 (12,808 chunks) - 49.37% downloaded, 917 kB/s
[2A[J7,320 of 39,450 chunks complete. 12,963 chunks being downloaded currently.
Downloading file: ef2d9uapk5ck7h8o1s597l4u8jg3m109 (12,808 chunks) - 49.37% downloaded, 917 kB/s
[2A[J7,320 of 39,450 chunks complete. 12,963 chunks being downloaded currently.
Downloading file: ef2d9uapk5ck7h8o1s597l4u8jg3m109 (12,808 chunks) - 52.80% downloaded, 905 kB/s
[2A[J7,424 of 39,450 chunks complete. 12,859 chunks being downloaded currently.
Downloading file: ef2d9uapk5ck7h8o1s597l4u8jg3m109 (12,808 chunks) - 52.80% downloaded, 905 kB/s
[2A[J7,424 of 39,450 chunks complete. 12,861 chunks being downloaded currently.
Downloading file: ef2d9uapk5ck7h8o1s597l4u8jg3m109 (12,808 chunks) - 52.80% downloaded, 905 kB/s
[2A[J7,475 of 39,450 chunks complete. 12,810 chunks being downloaded currently.
Downloading file: ef2d9uapk5ck7h8o1s597l4u8jg3m109 (12,808 chunks) - 52.80% downloaded, 905 kB/s
[2A[J7,475 of 39,450 chunks complete. 13,447 chunks being downloaded currently.
Downloading file: ef2d9uapk5ck7h8o1s597l4u8jg3m109 (12,808 chunks) - 52.80% downloaded, 905 kB/s
[2A[J7,475 of 39,450 chunks complete. 13,447 chunks being downloaded currently.
Downloading file: ef2d9uapk5ck7h8o1s597l4u8jg3m109 (12,808 chunks) - 55.14% downloaded, 878 kB/s
[2A[J7,477 of 39,450 chunks complete. 13,445 chunks being downloaded currently.
Downloading file: ef2d9uapk5ck7h8o1s597l4u8jg3m109 (12,808 chunks) - 55.14% downloaded, 878 kB/s
[2A[J7,477 of 39,450 chunks complete. 13,449 chunks being downloaded currently.
Downloading file: ef2d9uapk5ck7h8o1s597l4u8jg3m109 (12,808 chunks) - 55.14% downloaded, 878 kB/s
[2A[J7,477 of 39,450 chunks complete. 13,449 chunks being downloaded currently.
Downloading file: ef2d9uapk5ck7h8o1s597l4u8jg3m109 (12,808 chunks) - 57.47% downloaded, 854 kB/s
[2A[J7,481 of 39,450 chunks complete. 13,445 chunks being downloaded currently.
Downloading file: ef2d9uapk5ck7h8o1s597l4u8jg3m109 (12,808 chunks) - 57.47% downloaded, 854 kB/s
[2A[J7,481 of 39,450 chunks complete. 13,447 chunks being downloaded currently.
Downloading file: ef2d9uapk5ck7h8o1s597l4u8jg3m109 (12,808 chunks) - 57.47% downloaded, 854 kB/s
[2A[J7,481 of 39,450 chunks complete. 13,447 chunks being downloaded currently.
Downloading file: ef2d9uapk5ck7h8o1s597l4u8jg3m109 (12,808 chunks) - 57.47% downloaded, 854 kB/s
Downloading file: jqeim3u5nmqpvdhbnc88l8punlcitcjo (637 chunks) - 48.50% downloaded, 892 kB/s
[3A[J7,481 of 39,450 chunks complete. 13,447 chunks being downloaded currently.
Downloading file: ef2d9uapk5ck7h8o1s597l4u8jg3m109 (12,808 chunks) - 58.89% downloaded, 820 kB/s
Downloading file: jqeim3u5nmqpvdhbnc88l8punlcitcjo (637 chunks) - 48.50% downloaded, 892 kB/s
[3A[J7,483 of 39,450 chunks complete. 13,445 chunks being downloaded currently.
Downloading file: ef2d9uapk5ck7h8o1s597l4u8jg3m109 (12,808 chunks) - 58.89% downloaded, 820 kB/s
Downloading file: jqeim3u5nmqpvdhbnc88l8punlcitcjo (637 chunks) - 48.50% downloaded, 892 kB/s
[3A[J7,483 of 39,450 chunks complete. 13,449 chunks being downloaded currently.
Downloading file: ef2d9uapk5ck7h8o1s597l4u8jg3m109 (12,808 chunks) - 58.89% downloaded, 820 kB/s
Downloading file: jqeim3u5nmqpvdhbnc88l8punlcitcjo (637 chunks) - 48.50% downloaded, 892 kB/s
[3A[J7,483 of 39,450 chunks complete. 13,449 chunks being downloaded currently.
Downloading file: ef2d9uapk5ck7h8o1s597l4u8jg3m109 (12,808 chunks) - 58.89% downloaded, 820 kB/s
Downloading file: jqeim3u5nmqpvdhbnc88l8punlcitcjo (637 chunks) - 97.58% downloaded, 898 kB/s
[3A[J8,120 of 39,450 chunks complete. 12,812 chunks being downloaded currently.
Downloading file: ef2d9uapk5ck7h8o1s597l4u8jg3m109 (12,808 chunks) - 58.89% downloaded, 820 kB/s
[2A[J8,120 of 39,450 chunks complete. 12,814 chunks being downloaded currently.
Downloading file: ef2d9uapk5ck7h8o1s597l4u8jg3m109 (12,808 chunks) - 58.89% downloaded, 820 kB/s
[2A[J8,120 of 39,450 chunks complete. 12,814 chunks being downloaded currently.
Downloading file: ef2d9uapk5ck7h8o1s597l4u8jg3m109 (12,808 chunks) - 61.85% downloaded, 811 kB/s
[2A[J8,124 of 39,450 chunks complete. 12,810 chunks being downloaded currently.
Downloading file: ef2d9uapk5ck7h8o1s597l4u8jg3m109 (12,808 chunks) - 61.85% downloaded, 811 kB/s
[2A[J8,124 of 39,450 chunks complete. 12,818 chunks being downloaded currently.
Downloading file: ef2d9uapk5ck7h8o1s597l4u8jg3m109 (12,808 chunks) - 61.85% downloaded, 811 kB/s
[2A[J8,126 of 39,450 chunks complete. 12,816 chunks being downloaded currently.
Downloading file: ef2d9uapk5ck7h8o1s597l4u8jg3m109 (12,808 chunks) - 61.85% downloaded, 811 kB/s
[2A[J8,126 of 39,450 chunks complete. 13,272 chunks being downloaded currently.
Downloading file: ef2d9uapk5ck7h8o1s597l4u8jg3m109 (12,808 chunks) - 61.85% downloaded, 811 kB/s
[2A[J8,134 of 39,450 chunks complete. 13,264 chunks being downloaded currently.
Downloading file: ef2d9uapk5ck7h8o1s597l4u8jg3m109 (12,808 chunks) - 61.85% downloaded, 811 kB/s
[2A[J8,134 of 39,450 chunks complete. 13,268 chunks being downloaded currently.
Downloading file: ef2d9uapk5ck7h8o1s597l4u8jg3m109 (12,808 chunks) - 61.85% downloaded, 811 kB/s
[2A[J8,134 of 39,450 chunks complete. 13,268 chunks being downloaded currently.
Downloading file: ef2d9uapk5ck7h8o1s597l4u8jg3m109 (12,808 chunks) - 65.29% downloaded, 808 kB/s
[2A[J8,138 of 39,450 chunks complete. 13,264 chunks being downloaded currently.
Downloading file: ef2d9uapk5ck7h8o1s597l4u8jg3m109 (12,808 chunks) - 65.29% downloaded, 808 kB/s
[2A[J8,138 of 39,450 chunks complete. 13,293 chunks being downloaded currently.
Downloading file: ef2d9uapk5ck7h8o1s597l4u8jg3m109 (12,808 chunks) - 65.29% downloaded, 808 kB/s
[2A[J8,138 of 39,450 chunks complete. 13,293 chunks being downloaded currently.
Downloading file: ef2d9uapk5ck7h8o1s597l4u8jg3m109 (12,808 chunks) - 65.29% downloaded, 808 kB/s
Downloading file: l12cge3e4gvobatc2mtgnt16ekchufth (456 chunks) - 72.27% downloaded, 967 kB/s
[3A[J8,138 of 39,450 chunks complete. 13,293 chunks being downloaded currently.
Downloading file: ef2d9uapk5ck7h8o1s597l4u8jg3m109 (12,808 chunks) - 67.16% downloaded, 788 kB/s
Downloading file: l12cge3e4gvobatc2mtgnt16ekchufth (456 chunks) - 72.27% downloaded, 967 kB/s
[3A[J8,594 of 39,450 chunks complete. 12,837 chunks being downloaded currently.
Downloading file: ef2d9uapk5ck7h8o1s597l4u8jg3m109 (12,808 chunks) - 67.16% downloaded, 788 kB/s
[2A[J8,594 of 39,450 chunks complete. 12,841 chunks being downloaded currently.
Downloading file: ef2d9uapk5ck7h8o1s597l4u8jg3m109 (12,808 chunks) - 67.16% downloaded, 788 kB/s
[2A[J8,623 of 39,450 chunks complete. 12,812 chunks being downloaded currently.
Downloading file: ef2d9uapk5ck7h8o1s597l4u8jg3m109 (12,808 chunks) - 67.16% downloaded, 788 kB/s
[2A[J8,623 of 39,450 chunks complete. 12,827 chunks being downloaded currently.
Downloading file: ef2d9uapk5ck7h8o1s597l4u8jg3m109 (12,808 chunks) - 67.16% downloaded, 788 kB/s
[2A[J8,623 of 39,450 chunks complete. 12,827 chunks being downloaded currently.
Downloading file: ef2d9uapk5ck7h8o1s597l4u8jg3m109 (12,808 chunks) - 71.06% downloaded, 792 kB/s
[2A[J8,638 of 39,450 chunks complete. 12,812 chunks being downloaded currently.
Downloading file: ef2d9uapk5ck7h8o1s597l4u8jg3m109 (12,808 chunks) - 71.06% downloaded, 792 kB/s
[2A[J8,638 of 39,450 chunks complete. 12,814 chunks being downloaded currently.
Downloading file: ef2d9uapk5ck7h8o1s597l4u8jg3m109 (12,808 chunks) - 71.06% downloaded, 792 kB/s
[2A[J8,642 of 39,450 chunks complete. 12,810 chunks being downloaded currently.
Downloading file: ef2d9uapk5ck7h8o1s597l4u8jg3m109 (12,808 chunks) - 71.06% downloaded, 792 kB/s
[2A[J8,642 of 39,450 chunks complete. 12,812 chunks being downloaded currently.
Downloading file: ef2d9uapk5ck7h8o1s597l4u8jg3m109 (12,808 chunks) - 71.06% downloaded, 792 kB/s
[2A[J8,644 of 39,450 chunks complete. 12,810 chunks being downloaded currently.
Downloading file: ef2d9uapk5ck7h8o1s597l4u8jg3m109 (12,808 chunks) - 71.06% downloaded, 792 kB/s
[2A[J8,644 of 39,450 chunks complete. 12,818 chunks being downloaded currently.
Downloading file: ef2d9uapk5ck7h8o1s597l4u8jg3m109 (12,808 chunks) - 71.06% downloaded, 792 kB/s
[2A[J8,646 of 39,450 chunks complete. 12,816 chunks being downloaded currently.
Downloading file: ef2d9uapk5ck7h8o1s597l4u8jg3m109 (12,808 chunks) - 71.06% downloaded, 792 kB/s
[2A[J8,646 of 39,450 chunks complete. 12,823 chunks being downloaded currently.
Downloading file: ef2d9uapk5ck7h8o1s597l4u8jg3m109 (12,808 chunks) - 71.06% downloaded, 792 kB/s
[2A[J8,646 of 39,450 chunks complete. 12,823 chunks being downloaded currently.
Downloading file: ef2d9uapk5ck7h8o1s597l4u8jg3m109 (12,808 chunks) - 74.18% downloaded, 787 kB/s
[2A[J8,653 of 39,450 chunks complete. 12,816 chunks being downloaded currently.
Downloading file: ef2d9uapk5ck7h8o1s597l4u8jg3m109 (12,808 chunks) - 74.18% downloaded, 787 kB/s
[2A[J8,653 of 39,450 chunks complete. 12,824 chunks being downloaded currently.
Downloading file: ef2d9uapk5ck7h8o1s597l4u8jg3m109 (12,808 chunks) - 74.18% downloaded, 787 kB/s
[2A[J8,661 of 39,450 chunks complete. 12,816 chunks being downloaded currently.
Downloading file: ef2d9uapk5ck7h8o1s597l4u8jg3m109 (12,808 chunks) - 74.18% downloaded, 787 kB/s
[2A[J8,661 of 39,450 chunks complete. 12,818 chunks being downloaded currently.
Downloading file: ef2d9uapk5ck7h8o1s597l4u8jg3m109 (12,808 chunks) - 74.18% downloaded, 787 kB/s
[2A[J8,663 of 39,450 chunks complete. 12,816 chunks being downloaded currently.
Downloading file: ef2d9uapk5ck7h8o1s597l4u8jg3m109 (12,808 chunks) - 74.18% downloaded, 787 kB/s
[2A[J8,671 of 39,450 chunks complete. 12,808 chunks being downloaded currently.
Downloading file: ef2d9uapk5ck7h8o1s597l4u8jg3m109 (12,808 chunks) - 74.18% downloaded, 787 kB/s
[2A[J8,671 of 39,450 chunks complete. 12,810 chunks being downloaded currently.
Downloading file: ef2d9uapk5ck7h8o1s597l4u8jg3m109 (12,808 chunks) - 74.18% downloaded, 787 kB/s
[2A[J8,671 of 39,450 chunks complete. 12,812 chunks being downloaded currently.
Downloading file: ef2d9uapk5ck7h8o1s597l4u8jg3m109 (12,808 chunks) - 74.18% downloaded, 787 kB/s
[2A[J8,671 of 39,450 chunks complete. 12,812 chunks being downloaded currently.
Downloading file: ef2d9uapk5ck7h8o1s597l4u8jg3m109 (12,808 chunks) - 77.14% downloaded, 782 kB/s
[2A[J8,673 of 39,450 chunks complete. 12,810 chunks being downloaded currently.
Downloading file: ef2d9uapk5ck7h8o1s597l4u8jg3m109 (12,808 chunks) - 77.14% downloaded, 782 kB/s
[2A[J8,673 of 39,450 chunks complete. 12,937 chunks being downloaded currently.
Downloading file: ef2d9uapk5ck7h8o1s597l4u8jg3m109 (12,808 chunks) - 77.14% downloaded, 782 kB/s
[2A[J8,675 of 39,450 chunks complete. 12,935 chunks being downloaded currently.
Downloading file: ef2d9uapk5ck7h8o1s597l4u8jg3m109 (12,808 chunks) - 77.14% downloaded, 782 kB/s
[2A[J8,675 of 39,450 chunks complete. 12,939 chunks being downloaded currently.
Downloading file: ef2d9uapk5ck7h8o1s597l4u8jg3m109 (12,808 chunks) - 77.14% downloaded, 782 kB/s
[2A[J8,679 of 39,450 chunks complete. 12,935 chunks being downloaded currently.
Downloading file: ef2d9uapk5ck7h8o1s597l4u8jg3m109 (12,808 chunks) - 77.14% downloaded, 782 kB/s
[2A[J8,679 of 39,450 chunks complete. 12,951 chunks being downloaded currently.
Downloading file: ef2d9uapk5ck7h8o1s597l4u8jg3m109 (12,808 chunks) - 77.14% downloaded, 782 kB/s
[2A[J8,679 of 39,450 chunks complete. 12,951 chunks being downloaded currently.
Downloading file: ef2d9uapk5ck7h8o1s597l4u8jg3m109 (12,808 chunks) - 80.58% downloaded, 781 kB/s
[2A[J8,806 of 39,450 chunks complete. 12,824 chunks being downloaded currently.
Downloading file: ef2d9uapk5ck7h8o1s597l4u8jg3m109 (12,808 chunks) - 80.58% downloaded, 781 kB/s
[2A[J8,806 of 39,450 chunks complete. 12,828 chunks being downloaded currently.
Downloading file: ef2d9uapk5ck7h8o1s597l4u8jg3m109 (12,808 chunks) - 80.58% downloaded, 781 kB/s
[2A[J8,822 of 39,450 chunks complete. 12,812 chunks being downloaded currently.
Downloading file: ef2d9uapk5ck7h8o1s597l4u8jg3m109 (12,808 chunks) - 80.58% downloaded, 781 kB/s
[2A[J8,822 of 39,450 chunks complete. 12,814 chunks being downloaded currently.
Downloading file: ef2d9uapk5ck7h8o1s597l4u8jg3m109 (12,808 chunks) - 80.58% downloaded, 781 kB/s
[2A[J8,826 of 39,450 chunks complete. 12,810 chunks being downloaded currently.
Downloading file: ef2d9uapk5ck7h8o1s597l4u8jg3m109 (12,808 chunks) - 80.58% downloaded, 781 kB/s
[2A[J8,826 of 39,450 chunks complete. 12,812 chunks being downloaded currently.
Downloading file: ef2d9uapk5ck7h8o1s597l4u8jg3m109 (12,808 chunks) - 80.58% downloaded, 781 kB/s
[2A[J8,828 of 39,450 chunks complete. 12,810 chunks being downloaded currently.
Downloading file: ef2d9uapk5ck7h8o1s597l4u8jg3m109 (12,808 chunks) - 80.58% downloaded, 781 kB/s
[2A[J8,828 of 39,450 chunks complete. 12,837 chunks being downloaded currently.
Downloading file: ef2d9uapk5ck7h8o1s597l4u8jg3m109 (12,808 chunks) - 80.58% downloaded, 781 kB/s
[2A[J8,828 of 39,450 chunks complete. 12,837 chunks being downloaded currently.
Downloading file: ef2d9uapk5ck7h8o1s597l4u8jg3m109 (12,808 chunks) - 84.16% downloaded, 782 kB/s
[2A[J8,830 of 39,450 chunks complete. 12,835 chunks being downloaded currently.
Downloading file: ef2d9uapk5ck7h8o1s597l4u8jg3m109 (12,808 chunks) - 84.16% downloaded, 782 kB/s
[2A[J8,830 of 39,450 chunks complete. 12,882 chunks being downloaded currently.
Downloading file: ef2d9uapk5ck7h8o1s597l4u8jg3m109 (12,808 chunks) - 84.16% downloaded, 782 kB/s
[2A[J8,857 of 39,450 chunks complete. 12,855 chunks being downloaded currently.
Downloading file: ef2d9uapk5ck7h8o1s597l4u8jg3m109 (12,808 chunks) - 84.16% downloaded, 782 kB/s
[2A[J8,857 of 39,450 chunks complete. 12,863 chunks being downloaded currently.
Downloading file: ef2d9uapk5ck7h8o1s597l4u8jg3m109 (12,808 chunks) - 84.16% downloaded, 782 kB/s
[2A[J8,904 of 39,450 chunks complete. 12,816 chunks being downloaded currently.
Downloading file: ef2d9uapk5ck7h8o1s597l4u8jg3m109 (12,808 chunks) - 84.16% downloaded, 782 kB/s
[2A[J8,904 of 39,450 chunks complete. 16,090 chunks being downloaded currently.
Downloading file: ef2d9uapk5ck7h8o1s597l4u8jg3m109 (12,808 chunks) - 84.16% downloaded, 782 kB/s
[2A[J8,904 of 39,450 chunks complete. 16,090 chunks being downloaded currently.
Downloading file: ef2d9uapk5ck7h8o1s597l4u8jg3m109 (12,808 chunks) - 87.74% downloaded, 782 kB/s
[2A[J8,912 of 39,450 chunks complete. 16,082 chunks being downloaded currently.
Downloading file: ef2d9uapk5ck7h8o1s597l4u8jg3m109 (12,808 chunks) - 87.74% downloaded, 782 kB/s
[2A[J8,912 of 39,450 chunks complete. 16,084 chunks being downloaded currently.
Downloading file: ef2d9uapk5ck7h8o1s597l4u8jg3m109 (12,808 chunks) - 87.74% downloaded, 782 kB/s
[2A[J8,912 of 39,450 chunks complete. 16,084 chunks being downloaded currently.
Downloading file: ef2d9uapk5ck7h8o1s597l4u8jg3m109 (12,808 chunks) - 89.47% downloaded, 767 kB/s
[2A[J8,912 of 39,450 chunks complete. 16,084 chunks being downloaded currently.
Downloading file: ef2d9uapk5ck7h8o1s597l4u8jg3m109 (12,808 chunks) - 89.47% downloaded, 767 kB/s
Downloading file: o788nrd202co910ajf7s8n11qks7oa64 (3,274 chunks) - 30.16% downloaded, 2.2 MB/s
[3A[J8,914 of 39,450 chunks complete. 16,082 chunks being downloaded currently.
Downloading file: ef2d9uapk5ck7h8o1s597l4u8jg3m109 (12,808 chunks) - 89.47% downloaded, 767 kB/s
Downloading file: o788nrd202co910ajf7s8n11qks7oa64 (3,274 chunks) - 30.16% downloaded, 2.2 MB/s
[3A[J8,914 of 39,450 chunks complete. 16,084 chunks being downloaded currently.
Downloading file: ef2d9uapk5ck7h8o1s597l4u8jg3m109 (12,808 chunks) - 89.47% downloaded, 767 kB/s
Downloading file: o788nrd202co910ajf7s8n11qks7oa64 (3,274 chunks) - 30.16% downloaded, 2.2 MB/s
[3A[J8,914 of 39,450 chunks complete. 16,084 chunks being downloaded currently.
Downloading file: ef2d9uapk5ck7h8o1s597l4u8jg3m109 (12,808 chunks) - 91.19% downloaded, 753 kB/s
Downloading file: o788nrd202co910ajf7s8n11qks7oa64 (3,274 chunks) - 30.16% downloaded, 2.2 MB/s
[3A[J8,914 of 39,450 chunks complete. 16,084 chunks being downloaded currently.
Downloading file: ef2d9uapk5ck7h8o1s597l4u8jg3m109 (12,808 chunks) - 91.19% downloaded, 753 kB/s
Downloading file: o788nrd202co910ajf7s8n11qks7oa64 (3,274 chunks) - 51.62% downloaded, 1.9 MB/s
[3A[J8,914 of 39,450 chunks complete. 16,084 chunks being downloaded currently.
Downloading file: ef2d9uapk5ck7h8o1s597l4u8jg3m109 (12,808 chunks) - 93.06% downloaded, 741 kB/s
Downloading file: o788nrd202co910ajf7s8n11qks7oa64 (3,274 chunks) - 51.62% downloaded, 1.9 MB/s
[3A[J8,916 of 39,450 chunks complete. 16,082 chunks being downloaded currently.
Downloading file: ef2d9uapk5ck7h8o1s597l4u8jg3m109 (12,808 chunks) - 93.06% downloaded, 741 kB/s
Downloading file: o788nrd202co910ajf7s8n11qks7oa64 (3,274 chunks) - 51.62% downloaded, 1.9 MB/s
[3A[J8,916 of 39,450 chunks complete. 16,084 chunks being downloaded currently.
Downloading file: ef2d9uapk5ck7h8o1s597l4u8jg3m109 (12,808 chunks) - 93.06% downloaded, 741 kB/s
Downloading file: o788nrd202co910ajf7s8n11qks7oa64 (3,274 chunks) - 51.62% downloaded, 1.9 MB/s
[3A[J8,916 of 39,450 chunks complete. 16,084 chunks being downloaded currently.
Downloading file: ef2d9uapk5ck7h8o1s597l4u8jg3m109 (12,808 chunks) - 93.06% downloaded, 741 kB/s
Downloading file: o788nrd202co910ajf7s8n11qks7oa64 (3,274 chunks) - 91.60% downloaded, 2.2 MB/s
[3A[J8,918 of 39,450 chunks complete. 16,082 chunks being downloaded currently.
Downloading file: ef2d9uapk5ck7h8o1s597l4u8jg3m109 (12,808 chunks) - 93.06% downloaded, 741 kB/s
Downloading file: o788nrd202co910ajf7s8n11qks7oa64 (3,274 chunks) - 91.60% downloaded, 2.2 MB/s
[3A[J8,918 of 39,450 chunks complete. 16,116 chunks being downloaded currently.
Downloading file: ef2d9uapk5ck7h8o1s597l4u8jg3m109 (12,808 chunks) - 93.06% downloaded, 741 kB/s
Downloading file: o788nrd202co910ajf7s8n11qks7oa64 (3,274 chunks) - 91.60% downloaded, 2.2 MB/s
[3A[J12,192 of 39,450 chunks complete. 12,842 chunks being downloaded currently.
Downloading file: ef2d9uapk5ck7h8o1s597l4u8jg3m109 (12,808 chunks) - 93.06% downloaded, 741 kB/s
[2A[J12,192 of 39,450 chunks complete. 12,844 chunks being downloaded currently.
Downloading file: ef2d9uapk5ck7h8o1s597l4u8jg3m109 (12,808 chunks) - 93.06% downloaded, 741 kB/s
[2A[J12,192 of 39,450 chunks complete. 12,844 chunks being downloaded currently.
Downloading file: ef2d9uapk5ck7h8o1s597l4u8jg3m109 (12,808 chunks) - 94.93% downloaded, 730 kB/s
[2A[J12,194 of 39,450 chunks complete. 12,842 chunks being downloaded currently.
Downloading file: ef2d9uapk5ck7h8o1s597l4u8jg3m109 (12,808 chunks) - 94.93% downloaded, 730 kB/s
[2A[J12,194 of 39,450 chunks complete. 12,847 chunks being downloaded currently.
Downloading file: ef2d9uapk5ck7h8o1s597l4u8jg3m109 (12,808 chunks) - 94.93% downloaded, 730 kB/s
[2A[J12,228 of 39,450 chunks complete. 12,813 chunks being downloaded currently.
Downloading file: ef2d9uapk5ck7h8o1s597l4u8jg3m109 (12,808 chunks) - 94.93% downloaded, 730 kB/s
[2A[J12,228 of 39,450 chunks complete. 15,763 chunks being downloaded currently.
Downloading file: ef2d9uapk5ck7h8o1s597l4u8jg3m109 (12,808 chunks) - 94.93% downloaded, 730 kB/s
[2A[J12,228 of 39,450 chunks complete. 15,763 chunks being downloaded currently.
Downloading file: ef2d9uapk5ck7h8o1s597l4u8jg3m109 (12,808 chunks) - 98.99% downloaded, 735 kB/s
[2A[J12,233 of 39,450 chunks complete. 15,758 chunks being downloaded currently.
Downloading file: ef2d9uapk5ck7h8o1s597l4u8jg3m109 (12,808 chunks) - 98.99% downloaded, 735 kB/s
[2A[J12,233 of 39,450 chunks complete. 15,760 chunks being downloaded currently.
Downloading file: ef2d9uapk5ck7h8o1s597l4u8jg3m109 (12,808 chunks) - 98.99% downloaded, 735 kB/s
[2A[J25,041 of 39,450 chunks complete. 2,952 chunks being downloaded currently.
[1A[J25,041 of 39,450 chunks complete. 2,954 chunks being downloaded currently.
[1A[J25,043 of 39,450 chunks complete. 2,952 chunks being downloaded currently.
[1A[J25,043 of 39,450 chunks complete. 2,962 chunks being downloaded currently.
[1A[J25,045 of 39,450 chunks complete. 2,960 chunks being downloaded currently.
[1A[J25,045 of 39,450 chunks complete. 2,964 chunks being downloaded currently.
[1A[J25,055 of 39,450 chunks complete. 2,954 chunks being downloaded currently.
[1A[J25,055 of 39,450 chunks complete. 2,962 chunks being downloaded currently.
[1A[J25,055 of 39,450 chunks complete. 2,962 chunks being downloaded currently.
Downloading file: p9atps47i54cjipljgm06gdgpl01idra (2,950 chunks) - 34.47% downloaded, 1.9 MB/s
[2A[J25,059 of 39,450 chunks complete. 2,958 chunks being downloaded currently.
Downloading file: p9atps47i54cjipljgm06gdgpl01idra (2,950 chunks) - 34.47% downloaded, 1.9 MB/s
[2A[J25,059 of 39,450 chunks complete. 2,965 chunks being downloaded currently.
Downloading file: p9atps47i54cjipljgm06gdgpl01idra (2,950 chunks) - 34.47% downloaded, 1.9 MB/s
[2A[J25,067 of 39,450 chunks complete. 2,957 chunks being downloaded currently.
Downloading file: p9atps47i54cjipljgm06gdgpl01idra (2,950 chunks) - 34.47% downloaded, 1.9 MB/s
[2A[J25,067 of 39,450 chunks complete. 2,961 chunks being downloaded currently.
Downloading file: p9atps47i54cjipljgm06gdgpl01idra (2,950 chunks) - 34.47% downloaded, 1.9 MB/s
[2A[J25,074 of 39,450 chunks complete. 2,954 chunks being downloaded currently.
Downloading file: p9atps47i54cjipljgm06gdgpl01idra (2,950 chunks) - 34.47% downloaded, 1.9 MB/s
[2A[J25,074 of 39,450 chunks complete. 2,963 chunks being downloaded currently.
Downloading file: p9atps47i54cjipljgm06gdgpl01idra (2,950 chunks) - 34.47% downloaded, 1.9 MB/s
[2A[J25,078 of 39,450 chunks complete. 2,959 chunks being downloaded currently.
Downloading file: p9atps47i54cjipljgm06gdgpl01idra (2,950 chunks) - 34.47% downloaded, 1.9 MB/s
[2A[J25,078 of 39,450 chunks complete. 2,966 chunks being downloaded currently.
Downloading file: p9atps47i54cjipljgm06gdgpl01idra (2,950 chunks) - 34.47% downloaded, 1.9 MB/s
[2A[J25,078 of 39,450 chunks complete. 2,966 chunks being downloaded currently.
Downloading file: p9atps47i54cjipljgm06gdgpl01idra (2,950 chunks) - 67.25% downloaded, 1.9 MB/s
[2A[J25,087 of 39,450 chunks complete. 2,957 chunks being downloaded currently.
Downloading file: p9atps47i54cjipljgm06gdgpl01idra (2,950 chunks) - 67.25% downloaded, 1.9 MB/s
[2A[J25,087 of 39,450 chunks complete. 3,627 chunks being downloaded currently.
Downloading file: p9atps47i54cjipljgm06gdgpl01idra (2,950 chunks) - 67.25% downloaded, 1.9 MB/s
[2A[J25,094 of 39,450 chunks complete. 3,620 chunks being downloaded currently.
Downloading file: p9atps47i54cjipljgm06gdgpl01idra (2,950 chunks) - 67.25% downloaded, 1.9 MB/s
[2A[J25,094 of 39,450 chunks complete. 3,649 chunks being downloaded currently.
Downloading file: p9atps47i54cjipljgm06gdgpl01idra (2,950 chunks) - 67.25% downloaded, 1.9 MB/s
[2A[J25,094 of 39,450 chunks complete. 3,649 chunks being downloaded currently.
Downloading file: p9atps47i54cjipljgm06gdgpl01idra (2,950 chunks) - 95.08% downloaded, 1.8 MB/s
[2A[J25,123 of 39,450 chunks complete. 3,620 chunks being downloaded currently.
Downloading file: p9atps47i54cjipljgm06gdgpl01idra (2,950 chunks) - 95.08% downloaded, 1.8 MB/s
[2A[J25,123 of 39,450 chunks complete. 3,629 chunks being downloaded currently.
Downloading file: p9atps47i54cjipljgm06gdgpl01idra (2,950 chunks) - 95.08% downloaded, 1.8 MB/s
[2A[J28,073 of 39,450 chunks complete. 679 chunks being downloaded currently.
[1A[J28,073 of 39,450 chunks complete. 683 chunks being downloaded currently.
[1A[J28,082 of 39,450 chunks complete. 674 chunks being downloaded currently.
[1A[J28,082 of 39,450 chunks complete. 778 chunks being downloaded currently.
[1A[J28,086 of 39,450 chunks complete. 774 chunks being downloaded currently.
[1A[J28,086 of 39,450 chunks complete. 798 chunks being downloaded currently.
[1A[J28,086 of 39,450 chunks complete. 798 chunks being downloaded currently.
Downloading file: rmffnk3nja6jc8e3bumotokrd88fv3up (670 chunks) - 76.22% downloaded, 1.4 MB/s
[2A[J28,110 of 39,450 chunks complete. 774 chunks being downloaded currently.
Downloading file: rmffnk3nja6jc8e3bumotokrd88fv3up (670 chunks) - 76.22% downloaded, 1.4 MB/s
[2A[J28,110 of 39,450 chunks complete. 11,266 chunks being downloaded currently.
Downloading file: rmffnk3nja6jc8e3bumotokrd88fv3up (670 chunks) - 76.22% downloaded, 1.4 MB/s
[2A[J28,214 of 39,450 chunks complete. 11,162 chunks being downloaded currently.
Downloading file: rmffnk3nja6jc8e3bumotokrd88fv3up (670 chunks) - 76.22% downloaded, 1.4 MB/s
[2A[J28,214 of 39,450 chunks complete. 11,167 chunks being downloaded currently.
Downloading file: rmffnk3nja6jc8e3bumotokrd88fv3up (670 chunks) - 76.22% downloaded, 1.4 MB/s
[2A[J28,884 of 39,450 chunks complete. 10,497 chunks being downloaded currently.
[1A[J28,884 of 39,450 chunks complete. 10,499 chunks being downloaded currently.
[1A[J28,889 of 39,450 chunks complete. 10,494 chunks being downloaded currently.
[1A[J28,889 of 39,450 chunks complete. 10,496 chunks being downloaded currently.
[1A[J28,891 of 39,450 chunks complete. 10,494 chunks being downloaded currently.
[1A[J28,891 of 39,450 chunks complete. 10,503 chunks being downloaded currently.
[1A[J28,893 of 39,450 chunks complete. 10,501 chunks being downloaded currently.
[1A[J28,893 of 39,450 chunks complete. 10,503 chunks being downloaded currently.
[1A[J28,902 of 39,450 chunks complete. 10,494 chunks being downloaded currently.
[1A[J28,902 of 39,450 chunks complete. 10,496 chunks being downloaded currently.
[1A[J28,902 of 39,450 chunks complete. 10,496 chunks being downloaded currently.
Downloading file: sd0a1gtoqcc2ni0d449c45vgfacr1vku (10,492 chunks) - 9.96% downloaded, 2.2 MB/s
[2A[J28,904 of 39,450 chunks complete. 10,494 chunks being downloaded currently.
Downloading file: sd0a1gtoqcc2ni0d449c45vgfacr1vku (10,492 chunks) - 9.96% downloaded, 2.2 MB/s
[2A[J28,904 of 39,450 chunks complete. 10,499 chunks being downloaded currently.
Downloading file: sd0a1gtoqcc2ni0d449c45vgfacr1vku (10,492 chunks) - 9.96% downloaded, 2.2 MB/s
[2A[J28,906 of 39,450 chunks complete. 10,497 chunks being downloaded currently.
Downloading file: sd0a1gtoqcc2ni0d449c45vgfacr1vku (10,492 chunks) - 9.96% downloaded, 2.2 MB/s
[2A[J28,906 of 39,450 chunks complete. 10,499 chunks being downloaded currently.
Downloading file: sd0a1gtoqcc2ni0d449c45vgfacr1vku (10,492 chunks) - 9.96% downloaded, 2.2 MB/s
[2A[J28,911 of 39,450 chunks complete. 10,494 chunks being downloaded currently.
Downloading file: sd0a1gtoqcc2ni0d449c45vgfacr1vku (10,492 chunks) - 9.96% downloaded, 2.2 MB/s
[2A[J28,911 of 39,450 chunks complete. 10,496 chunks being downloaded currently.
Downloading file: sd0a1gtoqcc2ni0d449c45vgfacr1vku (10,492 chunks) - 9.96% downloaded, 2.2 MB/s
[2A[J28,913 of 39,450 chunks complete. 10,494 chunks being downloaded currently.
Downloading file: sd0a1gtoqcc2ni0d449c45vgfacr1vku (10,492 chunks) - 9.96% downloaded, 2.2 MB/s
[2A[J28,913 of 39,450 chunks complete. 10,499 chunks being downloaded currently.
Downloading file: sd0a1gtoqcc2ni0d449c45vgfacr1vku (10,492 chunks) - 9.96% downloaded, 2.2 MB/s
[2A[J28,913 of 39,450 chunks complete. 10,499 chunks being downloaded currently.
Downloading file: sd0a1gtoqcc2ni0d449c45vgfacr1vku (10,492 chunks) - 19.03% downloaded, 2.1 MB/s
[2A[J28,915 of 39,450 chunks complete. 10,497 chunks being downloaded currently.
Downloading file: sd0a1gtoqcc2ni0d449c45vgfacr1vku (10,492 chunks) - 19.03% downloaded, 2.1 MB/s
[2A[J28,915 of 39,450 chunks complete. 10,531 chunks being downloaded currently.
Downloading file: sd0a1gtoqcc2ni0d449c45vgfacr1vku (10,492 chunks) - 19.03% downloaded, 2.1 MB/s
[2A[J28,920 of 39,450 chunks complete. 10,526 chunks being downloaded currently.
Downloading file: sd0a1gtoqcc2ni0d449c45vgfacr1vku (10,492 chunks) - 19.03% downloaded, 2.1 MB/s
[2A[J28,920 of 39,450 chunks complete. 10,528 chunks being downloaded currently.
Downloading file: sd0a1gtoqcc2ni0d449c45vgfacr1vku (10,492 chunks) - 19.03% downloaded, 2.1 MB/s
[2A[J28,954 of 39,450 chunks complete. 10,494 chunks being downloaded currently.
Downloading file: sd0a1gtoqcc2ni0d449c45vgfacr1vku (10,492 chunks) - 19.03% downloaded, 2.1 MB/s
[2A[J28,954 of 39,450 chunks complete. 10,496 chunks being downloaded currently.
Downloading file: sd0a1gtoqcc2ni0d449c45vgfacr1vku (10,492 chunks) - 19.03% downloaded, 2.1 MB/s
[2A[J28,956 of 39,450 chunks complete. 10,494 chunks being downloaded currently.
Downloading file: sd0a1gtoqcc2ni0d449c45vgfacr1vku (10,492 chunks) - 19.03% downloaded, 2.1 MB/s
[2A[J28,956 of 39,450 chunks complete. 10,494 chunks being downloaded currently.
Downloading file: sd0a1gtoqcc2ni0d449c45vgfacr1vku (10,492 chunks) - 27.50% downloaded, 2.0 MB/s
[2A[J28,958 of 39,450 chunks complete. 10,492 chunks being downloaded currently.
Downloading file: sd0a1gtoqcc2ni0d449c45vgfacr1vku (10,492 chunks) - 27.50% downloaded, 2.0 MB/s
[2A[J28,958 of 39,450 chunks complete. 10,492 chunks being downloaded currently.
Downloading file: sd0a1gtoqcc2ni0d449c45vgfacr1vku (10,492 chunks) - 35.49% downloaded, 2.0 MB/s
[2A[J28,958 of 39,450 chunks complete. 10,492 chunks being downloaded currently.
Downloading file: sd0a1gtoqcc2ni0d449c45vgfacr1vku (10,492 chunks) - 43.32% downloaded, 1.9 MB/s
[2A[J28,958 of 39,450 chunks complete. 10,492 chunks being downloaded currently.
Downloading file: sd0a1gtoqcc2ni0d449c45vgfacr1vku (10,492 chunks) - 49.58% downloaded, 1.8 MB/s
[2A[J28,958 of 39,450 chunks complete. 10,492 chunks being downloaded currently.
Downloading file: sd0a1gtoqcc2ni0d449c45vgfacr1vku (10,492 chunks) - 54.59% downloaded, 1.7 MB/s
[2A[J28,958 of 39,450 chunks complete. 10,492 chunks being downloaded currently.
Downloading file: sd0a1gtoqcc2ni0d449c45vgfacr1vku (10,492 chunks) - 59.14% downloaded, 1.6 MB/s
[2A[J28,958 of 39,450 chunks complete. 10,492 chunks being downloaded currently.
Downloading file: sd0a1gtoqcc2ni0d449c45vgfacr1vku (10,492 chunks) - 65.87% downloaded, 1.6 MB/s
[2A[J28,958 of 39,450 chunks complete. 10,492 chunks being downloaded currently.
Downloading file: sd0a1gtoqcc2ni0d449c45vgfacr1vku (10,492 chunks) - 68.53% downloaded, 1.5 MB/s
[2A[J28,958 of 39,450 chunks complete. 10,492 chunks being downloaded currently.
Downloading file: sd0a1gtoqcc2ni0d449c45vgfacr1vku (10,492 chunks) - 77.15% downloaded, 1.6 MB/s
[2A[J28,958 of 39,450 chunks complete. 10,492 chunks being downloaded currently.
Downloading file: sd0a1gtoqcc2ni0d449c45vgfacr1vku (10,492 chunks) - 83.26% downloaded, 1.5 MB/s
[2A[J28,958 of 39,450 chunks complete. 10,492 chunks being downloaded currently.
Downloading file: sd0a1gtoqcc2ni0d449c45vgfacr1vku (10,492 chunks) - 86.23% downloaded, 1.5 MB/s
[2A[J28,958 of 39,450 chunks complete. 10,492 chunks being downloaded currently.
Downloading file: sd0a1gtoqcc2ni0d449c45vgfacr1vku (10,492 chunks) - 93.75% downloaded, 1.5 MB/s
[2A[J28,958 of 39,450 chunks complete. 10,492 chunks being downloaded currently.
Downloading file: sd0a1gtoqcc2ni0d449c45vgfacr1vku (10,492 chunks) - 98.29% downloaded, 1.5 MB/s
[2A[J39,450 of 39,450 chunks complete. 0 chunks being downloaded currently.
[1A[J39,450 of 39,450 chunks complete.
[2025-09-10 02:43:44] [SUCCESS] Successfully cloned from DoltHub
[2025-09-10 02:43:44] [STEP] Analyzing the Bahai writings dataset...
[2025-09-10 02:43:44] [INFO] Repository status:
On branch main
Your branch is up to date with 'origin/main'.
nothing to commit, working tree clean
[2025-09-10 02:43:44] [INFO] Tables in repository:
+-----------------------------------+
| Tables_in_holywritings-deployment |
+-----------------------------------+
| languages                         |
| prayer_heuristics                 |
| prayer_match_candidates           |
| writings                          |
+-----------------------------------+

[2025-09-10 02:43:46] [INFO] Table details:
[2025-09-10 02:43:47] [INFO]   languages: 120 rows
  languages: 120 rows
[2025-09-10 02:43:48] [INFO]   prayer_heuristics: 33 rows
  prayer_heuristics: 33 rows
[2025-09-10 02:43:49] [INFO]   prayer_match_candidates: 4 rows
  prayer_match_candidates: 4 rows
[2025-09-10 02:43:50] [INFO]   writings: 9000 rows
  writings: 9000 rows
[2025-09-10 02:43:50] [INFO] Recent commit history:
[33m6mfp5r5t4oc81982trhot1cvnmq5tgd0 [0m[33m([0m[36;1mHEAD -> [0m[33m[92mmain[0m[33m, [0m[91mremotes/origin/main[0m) [0mRun SQL query: UPDATE `writings` SET `phelps` = "BH02198" WHERE `version` = "0aeaa64b-1eab-4bb2-a2d5-ae8c19282d4c"
[33mh9g8lda2a03fldo4ubbl3u12brue5nn8 [0mUpdate transliterations with improved dictionary-based transliterator
[33m5s6kv1i3422c35rvkd9ulgmr783bnram [0mUpdate transliterations with improved dictionary-based transliterator
[33m5d7qed4o2s5krkbuqgvfnhm8jdccu5sg [0m[33m([0m[33m[91mremotes/origin/lapingvino/workspace-iced-platypus[0m) [0mRun SQL query: DELETE FROM `languages` WHERE `langcode` = "nai-us" AND `inlang` = "en"
[33mp5sltdakts05ls8bpf035dbp06i9lsb6 [0mRun SQL query: DELETE FROM `languages` WHERE `langcode` = "nai-ca" AND `inlang` = "en"
[2025-09-10 02:43:50] [INFO] Repository size:
46M	.
[2025-09-10 02:43:50] [SUCCESS] Dataset analysis completed
[2025-09-10 02:43:50] [STEP] Staging data for Git export...
[2025-09-10 02:43:50] [INFO] Staging all tables for Git commit...
Staged 5 tables: dolt_query_catalog, languages, prayer_heuristics, prayer_match_candidates, writings
Use 'dolt git status' to see staged changes
Use 'dolt git commit -m "message"' to commit staged changes
[2025-09-10 02:43:51] [INFO] Git status after staging:
On branch main
No previous Git export found

Changes staged for Git commit:
  dolt_query_catalog
  languages
  prayer_heuristics
  prayer_match_candidates
  writings

Ready to commit 5 table(s) to Git
Use 'dolt git commit -m "message"' to commit staged changes
[2025-09-10 02:43:51] [SUCCESS] All tables staged successfully
[2025-09-10 02:43:51] [STEP] Creating Git commit for export...
[2025-09-10 02:43:52] [INFO] Creating commit with comprehensive metadata...
Created commit 4db9068d
Committed 5 table(s): dolt_query_catalog, languages, prayer_heuristics, prayer_match_candidates, writings

Use 'dolt git push <remote> <branch>' to push this commit to a Git repository
[2025-09-10 02:43:53] [SUCCESS] Git commit created successfully
[2025-09-10 02:43:53] [STEP] Testing deployment with dry run...
[2025-09-10 02:43:53] [INFO] Performing dry-run push to verify export process...
Pushing to Git repository: git@github.com:lapingvino/holywritings-dolt.git
Target branch: main
Configuration:
  Chunk size: 52428800 bytes (50.0 MB)
  Git LFS enabled: true
Cloning existing Git repository...
Exporting 5 tables...
  Exporting table: dolt_query_catalog
    Table dolt_query_catalog exported as single file (0 rows)
  Exporting table: languages
    Table languages exported as single file (120 rows)
  Exporting table: prayer_heuristics
    Table prayer_heuristics exported as single file (33 rows)
  Exporting table: prayer_match_candidates
    Table prayer_match_candidates exported as single file (4 rows)
  Exporting table: writings
    Table writings exported as single file (9000 rows)
Exporting database schema...
Generating repository metadata...
Generating README.md...
Dry run completed successfully
[2025-09-10 02:43:56] [SUCCESS] Dry-run test completed successfully
[2025-09-10 02:43:56] [STEP] Deploying to GitHub repository...
[2025-09-10 02:43:56] [INFO] Starting deployment to: git@github.com:lapingvino/holywritings-dolt.git
[2025-09-10 02:43:56] [INFO] This will replace all current data in the repository
[2025-09-10 02:43:56] [WARNING] Deployment may take several minutes due to dataset size
[2025-09-10 02:43:56] [INFO] Executing push to GitHub...
Pushing to Git repository: git@github.com:lapingvino/holywritings-dolt.git
Target branch: main
Configuration:
  Chunk size: 52428800 bytes (50.0 MB)
  Git LFS enabled: true
Cloning existing Git repository...
Exporting 5 tables...
  Exporting table: dolt_query_catalog
    Table dolt_query_catalog exported as single file (0 rows)
  Exporting table: languages
    Table languages exported as single file (120 rows)
  Exporting table: prayer_heuristics
    Table prayer_heuristics exported as single file (33 rows)
  Exporting table: prayer_match_candidates
    Table prayer_match_candidates exported as single file (4 rows)
  Exporting table: writings
    Table writings exported as single file (9000 rows)
Exporting database schema...
Generating repository metadata...
Generating README.md...
Adding files to Git...
Committing changes...
✓ Created commit: cc962f79
Pushing to remote repository...
Using authentication method: *ssh.PublicKeysCallback
✓ Successfully pushed to remote repository
Successfully pushed Dolt data to Git repository
Repository URL: git@github.com:lapingvino/holywritings-dolt.git
Branch: main
[2025-09-10 02:44:00] [SUCCESS] Successfully deployed to GitHub!
[2025-09-10 02:44:00] [SUCCESS] 🎉 DEPLOYMENT COMPLETED SUCCESSFULLY! 🎉
[2025-09-10 02:44:00] [INFO] The Bahai writings dataset is now available at:
[2025-09-10 02:44:00] [INFO] https://github.com/lapingvino/holywritings-dolt
[2025-09-10 02:44:00] [INFO] Repository contents:
[2025-09-10 02:44:00] [INFO] - .dolt-metadata/ - Complete schema and metadata
[2025-09-10 02:44:01] [INFO] - data/ - All tables as CSV files (chunked as needed)
[2025-09-10 02:44:01] [INFO] - README.md - Human-readable repository information
[2025-09-10 02:44:01] [STEP] Verifying deployment...
[2025-09-10 02:44:01] [INFO] Testing round-trip functionality...
[2025-09-10 02:44:01] [INFO] Creating verification clone in ../holywritings-verify...
Successfully cloned Dolt repository to 'holywritings-verify'
To start working with the data:
  cd holywritings-verify
  dolt sql
[2025-09-10 02:44:04] [INFO] Verification clone successful. Tables available:
[2025-09-10 02:44:05] [SUCCESS] Round-trip verification successful!
[2025-09-10 02:44:05] [STEP] Generating deployment report...
[2025-09-10 02:44:05] [SUCCESS] Deployment report saved to: /home/joop/dolt/holywritings_deployment_report.md
[2025-09-10 02:44:05] [SUCCESS] 🎉 HOLY WRITINGS DEPLOYMENT COMPLETED SUCCESSFULLY! 🎉
[2025-09-10 02:44:05] [INFO] Summary:
[2025-09-10 02:44:05] [INFO] ✅ Cloned complete Bahai writings dataset from DoltHub
[2025-09-10 02:44:05] [INFO] ✅ Successfully exported and chunked for Git compatibility
[2025-09-10 02:44:05] [INFO] ✅ Deployed to GitHub with full metadata preservation
[2025-09-10 02:44:05] [INFO] ✅ Repository ready for collaboration and version control
[2025-09-10 02:44:05] [INFO] Repository URL: https://github.com/lapingvino/holywritings-dolt
[2025-09-10 02:44:05] [INFO] Deployment Report: /home/joop/dolt/holywritings_deployment_report.md
[2025-09-10 02:44:05] [INFO] Deployment Log: /home/joop/dolt/holywritings_deployment.log
[2025-09-10 02:44:05] [SUCCESS] The Bahai writings are now available for Git-based collaboration! 🙏
[2025-09-10 02:44:05] [INFO] Cleaning up deployment directory...
